This file contains any messages produced by compilers while
running configure, to aid debugging if configure makes a mistake.

It was created by GtkPlot configure 0.1.0, which was
generated by GNU Autoconf 2.65.  Invocation command line was

  $ ./configure 

## --------- ##
## Platform. ##
## --------- ##

hostname = bubbles-nb
uname -m = i686
uname -r = 2.6.32-28-generic
uname -s = Linux
uname -v = #55-Ubuntu SMP Mon Jan 10 21:21:01 UTC 2011

/usr/bin/uname -p = unknown
/bin/uname -X     = unknown

/bin/arch              = unknown
/usr/bin/arch -k       = unknown
/usr/convex/getsysinfo = unknown
/usr/bin/hostinfo      = unknown
/bin/machine           = unknown
/usr/bin/oslevel       = unknown
/bin/universe          = unknown

PATH: /usr/local/sbin
PATH: /usr/local/bin
PATH: /usr/sbin
PATH: /usr/bin
PATH: /sbin
PATH: /bin
PATH: /usr/games


## ----------- ##
## Core tests. ##
## ----------- ##

configure:1799: checking for a BSD-compatible install
configure:1867: result: /usr/bin/install -c
configure:1878: checking whether build environment is sane
configure:1928: result: yes
configure:2069: checking for a thread-safe mkdir -p
configure:2108: result: /bin/mkdir -p
configure:2121: checking for gawk
configure:2137: found /usr/bin/gawk
configure:2148: result: gawk
configure:2159: checking whether make sets $(MAKE)
configure:2181: result: yes
configure:2315: checking for gcc
configure:2331: found /usr/bin/gcc
configure:2342: result: gcc
configure:2373: checking for C compiler version
configure:2382: gcc --version >&5
gcc (Ubuntu 4.4.3-4ubuntu5) 4.4.3
Copyright (C) 2009 Free Software Foundation, Inc.
This is free software; see the source for copying conditions.  There is NO
warranty; not even for MERCHANTABILITY or FITNESS FOR A PARTICULAR PURPOSE.

configure:2393: $? = 0
configure:2382: gcc -v >&5
Using built-in specs.
Target: i486-linux-gnu
Configured with: ../src/configure -v --with-pkgversion='Ubuntu 4.4.3-4ubuntu5' --with-bugurl=file:///usr/share/doc/gcc-4.4/README.Bugs --enable-languages=c,c++,fortran,objc,obj-c++ --prefix=/usr --enable-shared --enable-multiarch --enable-linker-build-id --with-system-zlib --libexecdir=/usr/lib --without-included-gettext --enable-threads=posix --with-gxx-include-dir=/usr/include/c++/4.4 --program-suffix=-4.4 --enable-nls --enable-clocale=gnu --enable-libstdcxx-debug --enable-plugin --enable-objc-gc --enable-targets=all --disable-werror --with-arch-32=i486 --with-tune=generic --enable-checking=release --build=i486-linux-gnu --host=i486-linux-gnu --target=i486-linux-gnu
Thread model: posix
gcc version 4.4.3 (Ubuntu 4.4.3-4ubuntu5) 
configure:2393: $? = 0
configure:2382: gcc -V >&5
gcc: '-V' option must have argument
configure:2393: $? = 1
configure:2382: gcc -qversion >&5
gcc: unrecognized option '-qversion'
gcc: no input files
configure:2393: $? = 1
configure:2413: checking whether the C compiler works
configure:2435: gcc    conftest.c  >&5
configure:2439: $? = 0
configure:2488: result: yes
configure:2491: checking for C compiler default output file name
configure:2493: result: a.out
configure:2499: checking for suffix of executables
configure:2506: gcc -o conftest    conftest.c  >&5
configure:2510: $? = 0
configure:2532: result: 
configure:2554: checking whether we are cross compiling
configure:2562: gcc -o conftest    conftest.c  >&5
configure:2566: $? = 0
configure:2573: ./conftest
configure:2577: $? = 0
configure:2592: result: no
configure:2597: checking for suffix of object files
configure:2619: gcc -c   conftest.c >&5
configure:2623: $? = 0
configure:2644: result: o
configure:2648: checking whether we are using the GNU C compiler
configure:2667: gcc -c   conftest.c >&5
configure:2667: $? = 0
configure:2676: result: yes
configure:2685: checking whether gcc accepts -g
configure:2705: gcc -c -g  conftest.c >&5
configure:2705: $? = 0
configure:2746: result: yes
configure:2763: checking for gcc option to accept ISO C89
configure:2827: gcc  -c -g -O2  conftest.c >&5
configure:2827: $? = 0
configure:2840: result: none needed
configure:2871: checking for style of include used by make
configure:2899: result: GNU
configure:2924: checking dependency style of gcc
configure:3034: result: gcc3
configure:3100: checking for pkg-config
configure:3118: found /usr/bin/pkg-config
configure:3130: result: /usr/bin/pkg-config
configure:3155: checking pkg-config is at least version 0.9.0
configure:3158: result: yes
configure:3169: checking for POL
configure:3177: $PKG_CONFIG --exists --print-errors "gtk+-2.0 >= 2.14"
configure:3180: $? = 0
configure:3195: $PKG_CONFIG --exists --print-errors "gtk+-2.0 >= 2.14"
configure:3198: $? = 0
configure:3253: result: yes
configure:3377: creating ./config.status

## ---------------------- ##
## Running config.status. ##
## ---------------------- ##

This file was extended by GtkPlot config.status 0.1.0, which was
generated by GNU Autoconf 2.65.  Invocation command line was

  CONFIG_FILES    = 
  CONFIG_HEADERS  = 
  CONFIG_LINKS    = 
  CONFIG_COMMANDS = 
  $ ./config.status 

on bubbles-nb

config.status:845: creating Makefile
config.status:845: creating src/Makefile
config.status:845: creating config.h
config.status:1017: config.h is unchanged
config.status:1065: executing depfiles commands

## ---------------- ##
## Cache variables. ##
## ---------------- ##

ac_cv_c_compiler_gnu=yes
ac_cv_env_CC_set=
ac_cv_env_CC_value=
ac_cv_env_CFLAGS_set=
ac_cv_env_CFLAGS_value=
ac_cv_env_CPPFLAGS_set=
ac_cv_env_CPPFLAGS_value=
ac_cv_env_LDFLAGS_set=
ac_cv_env_LDFLAGS_value=
ac_cv_env_LIBS_set=
ac_cv_env_LIBS_value=
ac_cv_env_PKG_CONFIG_set=
ac_cv_env_PKG_CONFIG_value=
ac_cv_env_POL_CFLAGS_set=
ac_cv_env_POL_CFLAGS_value=
ac_cv_env_POL_LIBS_set=
ac_cv_env_POL_LIBS_value=
ac_cv_env_build_alias_set=
ac_cv_env_build_alias_value=
ac_cv_env_host_alias_set=
ac_cv_env_host_alias_value=
ac_cv_env_target_alias_set=
ac_cv_env_target_alias_value=
ac_cv_objext=o
ac_cv_path_ac_pt_PKG_CONFIG=/usr/bin/pkg-config
ac_cv_path_install='/usr/bin/install -c'
ac_cv_path_mkdir=/bin/mkdir
ac_cv_prog_AWK=gawk
ac_cv_prog_ac_ct_CC=gcc
ac_cv_prog_cc_c89=
ac_cv_prog_cc_g=yes
ac_cv_prog_make_make_set=yes
am_cv_CC_dependencies_compiler_type=gcc3
pkg_cv_POL_CFLAGS='-pthread -D_REENTRANT -I/usr/include/gtk-2.0 -I/usr/lib/gtk-2.0/include -I/usr/include/atk-1.0 -I/usr/include/cairo -I/usr/include/pango-1.0 -I/usr/include/gio-unix-2.0/ -I/usr/include/glib-2.0 -I/usr/lib/glib-2.0/include -I/usr/include/pixman-1 -I/usr/include/freetype2 -I/usr/include/directfb -I/usr/include/libpng12  '
pkg_cv_POL_LIBS='-pthread -lgtk-x11-2.0 -lgdk-x11-2.0 -latk-1.0 -lgio-2.0 -lpangoft2-1.0 -lgdk_pixbuf-2.0 -lm -lpangocairo-1.0 -lcairo -lpango-1.0 -lfreetype -lfontconfig -lgobject-2.0 -lgmodule-2.0 -lgthread-2.0 -lrt -lglib-2.0  '

## ----------------- ##
## Output variables. ##
## ----------------- ##

ACLOCAL='${SHELL} /home/iona/Documents/program/GtkPlot/PlotPolar/missing --run aclocal-1.11'
AMDEPBACKSLASH='\'
AMDEP_FALSE='#'
AMDEP_TRUE=''
AMTAR='${SHELL} /home/iona/Documents/program/GtkPlot/PlotPolar/missing --run tar'
AUTOCONF='${SHELL} /home/iona/Documents/program/GtkPlot/PlotPolar/missing --run autoconf'
AUTOHEADER='${SHELL} /home/iona/Documents/program/GtkPlot/PlotPolar/missing --run autoheader'
AUTOMAKE='${SHELL} /home/iona/Documents/program/GtkPlot/PlotPolar/missing --run automake-1.11'
AWK='gawk'
CC='gcc'
CCDEPMODE='depmode=gcc3'
CFLAGS='-g -O2'
CPPFLAGS=''
CYGPATH_W='echo'
DEFS='-DHAVE_CONFIG_H'
DEPDIR='.deps'
ECHO_C=''
ECHO_N='-n'
ECHO_T=''
EXEEXT=''
INSTALL_DATA='${INSTALL} -m 644'
INSTALL_PROGRAM='${INSTALL}'
INSTALL_SCRIPT='${INSTALL}'
INSTALL_STRIP_PROGRAM='$(install_sh) -c -s'
LDFLAGS=''
LIBOBJS=''
LIBS=''
LTLIBOBJS=''
MAKEINFO='${SHELL} /home/iona/Documents/program/GtkPlot/PlotPolar/missing --run makeinfo'
MKDIR_P='/bin/mkdir -p'
OBJEXT='o'
PACKAGE='gtk-plot'
PACKAGE_BUGREPORT='pchilds@physics.org'
PACKAGE_NAME='GtkPlot'
PACKAGE_STRING='GtkPlot 0.1.0'
PACKAGE_TARNAME='gtk-plot'
PACKAGE_URL='https://github.com/pchilds/GtkPlot'
PACKAGE_VERSION='0.1.0'
PATH_SEPARATOR=':'
PKG_CONFIG='/usr/bin/pkg-config'
POL_CFLAGS='-pthread -D_REENTRANT -I/usr/include/gtk-2.0 -I/usr/lib/gtk-2.0/include -I/usr/include/atk-1.0 -I/usr/include/cairo -I/usr/include/pango-1.0 -I/usr/include/gio-unix-2.0/ -I/usr/include/glib-2.0 -I/usr/lib/glib-2.0/include -I/usr/include/pixman-1 -I/usr/include/freetype2 -I/usr/include/directfb -I/usr/include/libpng12  '
POL_LIBS='-pthread -lgtk-x11-2.0 -lgdk-x11-2.0 -latk-1.0 -lgio-2.0 -lpangoft2-1.0 -lgdk_pixbuf-2.0 -lm -lpangocairo-1.0 -lcairo -lpango-1.0 -lfreetype -lfontconfig -lgobject-2.0 -lgmodule-2.0 -lgthread-2.0 -lrt -lglib-2.0  '
SET_MAKE=''
SHELL='/bin/bash'
STRIP=''
VERSION='0.1.0'
ac_ct_CC='gcc'
am__EXEEXT_FALSE=''
am__EXEEXT_TRUE='#'
am__fastdepCC_FALSE='#'
am__fastdepCC_TRUE=''
am__include='include'
am__isrc=''
am__leading_dot='.'
am__quote=''
am__tar='${AMTAR} chof - "$$tardir"'
am__untar='${AMTAR} xf -'
bindir='${exec_prefix}/bin'
build_alias=''
datadir='${datarootdir}'
datarootdir='${prefix}/share'
docdir='${datarootdir}/doc/${PACKAGE_TARNAME}'
dvidir='${docdir}'
exec_prefix='${prefix}'
host_alias=''
htmldir='${docdir}'
includedir='${prefix}/include'
infodir='${datarootdir}/info'
install_sh='${SHELL} /home/iona/Documents/program/GtkPlot/PlotPolar/install-sh'
libdir='${exec_prefix}/lib'
libexecdir='${exec_prefix}/libexec'
localedir='${datarootdir}/locale'
localstatedir='${prefix}/var'
mandir='${datarootdir}/man'
mkdir_p='/bin/mkdir -p'
oldincludedir='/usr/include'
pdfdir='${docdir}'
prefix='/usr/local'
program_transform_name='s,x,x,'
psdir='${docdir}'
sbindir='${exec_prefix}/sbin'
sharedstatedir='${prefix}/com'
sysconfdir='${prefix}/etc'
target_alias=''

## ----------- ##
## confdefs.h. ##
## ----------- ##

/* confdefs.h */
#define PACKAGE_NAME "GtkPlot"
#define PACKAGE_TARNAME "gtk-plot"
#define PACKAGE_VERSION "0.1.0"
#define PACKAGE_STRING "GtkPlot 0.1.0"
#define PACKAGE_BUGREPORT "pchilds@physics.org"
#define PACKAGE_URL "https://github.com/pchilds/GtkPlot"
#define PACKAGE "gtk-plot"
#define VERSION "0.1.0"

configure: exit 0
